<?xml version="1.0" encoding="UTF-8"?>
<testsuite xmlns:xsi="http://www.w3.org/2001/XMLSchema-instance" xsi:noNamespaceSchemaLocation="https://maven.apache.org/surefire/maven-surefire-plugin/xsd/surefire-test-report-3.0.xsd" version="3.0" name="tn.esprit.rh.achat.services.FournisseurServiceImplTest" time="1.249" tests="2" errors="0" skipped="0" failures="0">
  <properties>
[...]
</properties>
  <testcase name="deleteFournisseur" classname="tn.esprit.rh.achat.services.FournisseurServiceImplTest" time="0.025">
    <system-out><![CDATA[16:36:40.032 [main] DEBUG org.springframework.test.context.junit4.SpringJUnit4ClassRunner - SpringJUnit4ClassRunner constructor called with [class tn.esprit.rh.achat.services.FournisseurServiceImplTest]
16:36:40.037 [main] DEBUG org.springframework.test.context.BootstrapUtils - Instantiating CacheAwareContextLoaderDelegate from class [org.springframework.test.context.cache.DefaultCacheAwareContextLoaderDelegate]
16:36:40.045 [main] DEBUG org.springframework.test.context.BootstrapUtils - Instantiating BootstrapContext using constructor [public org.springframework.test.context.support.DefaultBootstrapContext(java.lang.Class,org.springframework.test.context.CacheAwareContextLoaderDelegate)]
16:36:40.078 [main] DEBUG org.springframework.test.context.BootstrapUtils - Instantiating TestContextBootstrapper for test class [tn.esprit.rh.achat.services.FournisseurServiceImplTest] from class [org.springframework.boot.test.context.SpringBootTestContextBootstrapper]
16:36:40.092 [main] DEBUG org.springframework.test.context.support.AbstractContextLoader - Did not detect default resource location for test class [tn.esprit.rh.achat.services.FournisseurServiceImplTest]: class path resource [tn/esprit/rh/achat/services/FournisseurServiceImplTest-context.xml] does not exist
16:36:40.092 [main] DEBUG org.springframework.test.context.support.AbstractContextLoader - Did not detect default resource location for test class [tn.esprit.rh.achat.services.FournisseurServiceImplTest]: class path resource [tn/esprit/rh/achat/services/FournisseurServiceImplTestContext.groovy] does not exist
16:36:40.092 [main] INFO org.springframework.test.context.support.AbstractContextLoader - Could not detect default resource locations for test class [tn.esprit.rh.achat.services.FournisseurServiceImplTest]: no resource found for suffixes {-context.xml, Context.groovy}.
16:36:40.140 [main] DEBUG org.springframework.test.context.support.ActiveProfilesUtils - Could not find an 'annotation declaring class' for annotation type [org.springframework.test.context.ActiveProfiles] and class [tn.esprit.rh.achat.services.FournisseurServiceImplTest]
16:36:40.229 [main] DEBUG org.springframework.boot.test.context.SpringBootTestContextBootstrapper - @TestExecutionListeners is not present for class [tn.esprit.rh.achat.services.FournisseurServiceImplTest]: using defaults.
16:36:40.230 [main] INFO org.springframework.boot.test.context.SpringBootTestContextBootstrapper - Loaded default TestExecutionListener class names from location [META-INF/spring.factories]: [org.springframework.boot.test.mock.mockito.MockitoTestExecutionListener, org.springframework.boot.test.mock.mockito.ResetMocksTestExecutionListener, org.springframework.boot.test.autoconfigure.restdocs.RestDocsTestExecutionListener, org.springframework.boot.test.autoconfigure.web.client.MockRestServiceServerResetTestExecutionListener, org.springframework.boot.test.autoconfigure.web.servlet.MockMvcPrintOnlyOnFailureTestExecutionListener, org.springframework.boot.test.autoconfigure.web.servlet.WebDriverTestExecutionListener, org.springframework.boot.test.autoconfigure.webservices.client.MockWebServiceServerTestExecutionListener, org.springframework.test.context.web.ServletTestExecutionListener, org.springframework.test.context.support.DirtiesContextBeforeModesTestExecutionListener, org.springframework.test.context.event.ApplicationEventsTestExecutionListener, org.springframework.test.context.support.DependencyInjectionTestExecutionListener, org.springframework.test.context.support.DirtiesContextTestExecutionListener, org.springframework.test.context.transaction.TransactionalTestExecutionListener, org.springframework.test.context.jdbc.SqlScriptsTestExecutionListener, org.springframework.test.context.event.EventPublishingTestExecutionListener]
16:36:40.250 [main] INFO org.springframework.boot.test.context.SpringBootTestContextBootstrapper - Using TestExecutionListeners: [org.springframework.test.context.web.ServletTestExecutionListener@2525ff7e, org.springframework.test.context.support.DirtiesContextBeforeModesTestExecutionListener@524d6d96, org.springframework.test.context.event.ApplicationEventsTestExecutionListener@152aa092, org.springframework.boot.test.mock.mockito.MockitoTestExecutionListener@44a7bfbc, org.springframework.boot.test.autoconfigure.SpringBootDependencyInjectionTestExecutionListener@4ef37659, org.springframework.test.context.support.DirtiesContextTestExecutionListener@776b83cc, org.springframework.test.context.transaction.TransactionalTestExecutionListener@37858383, org.springframework.test.context.jdbc.SqlScriptsTestExecutionListener@4e268090, org.springframework.test.context.event.EventPublishingTestExecutionListener@1bb266b3, org.springframework.boot.test.mock.mockito.ResetMocksTestExecutionListener@306cf3ea, org.springframework.boot.test.autoconfigure.restdocs.RestDocsTestExecutionListener@2beee7ff, org.springframework.boot.test.autoconfigure.web.client.MockRestServiceServerResetTestExecutionListener@5136d012, org.springframework.boot.test.autoconfigure.web.servlet.MockMvcPrintOnlyOnFailureTestExecutionListener@5939a379, org.springframework.boot.test.autoconfigure.web.servlet.WebDriverTestExecutionListener@e1de817, org.springframework.boot.test.autoconfigure.webservices.client.MockWebServiceServerTestExecutionListener@52102734]
16:36:40.251 [main] DEBUG org.springframework.test.annotation.ProfileValueUtils - Retrieved @ProfileValueSourceConfiguration [null] for test class [tn.esprit.rh.achat.services.FournisseurServiceImplTest]
16:36:40.252 [main] DEBUG org.springframework.test.annotation.ProfileValueUtils - Retrieved ProfileValueSource type [class org.springframework.test.annotation.SystemProfileValueSource] for class [tn.esprit.rh.achat.services.FournisseurServiceImplTest]
16:36:40.253 [main] DEBUG org.springframework.test.annotation.ProfileValueUtils - Retrieved @ProfileValueSourceConfiguration [null] for test class [tn.esprit.rh.achat.services.FournisseurServiceImplTest]
16:36:40.253 [main] DEBUG org.springframework.test.annotation.ProfileValueUtils - Retrieved ProfileValueSource type [class org.springframework.test.annotation.SystemProfileValueSource] for class [tn.esprit.rh.achat.services.FournisseurServiceImplTest]
16:36:40.254 [main] DEBUG org.springframework.test.context.junit4.SpringJUnit4ClassRunner - SpringJUnit4ClassRunner constructor called with [class tn.esprit.rh.achat.services.FournisseurServiceJunitTest]
16:36:40.254 [main] DEBUG org.springframework.test.context.BootstrapUtils - Instantiating CacheAwareContextLoaderDelegate from class [org.springframework.test.context.cache.DefaultCacheAwareContextLoaderDelegate]
16:36:40.254 [main] DEBUG org.springframework.test.context.BootstrapUtils - Instantiating BootstrapContext using constructor [public org.springframework.test.context.support.DefaultBootstrapContext(java.lang.Class,org.springframework.test.context.CacheAwareContextLoaderDelegate)]
16:36:40.254 [main] DEBUG org.springframework.test.context.BootstrapUtils - Instantiating TestContextBootstrapper for test class [tn.esprit.rh.achat.services.FournisseurServiceJunitTest] from class [org.springframework.boot.test.context.SpringBootTestContextBootstrapper]
16:36:40.255 [main] INFO org.springframework.boot.test.context.SpringBootTestContextBootstrapper - Neither @ContextConfiguration nor @ContextHierarchy found for test class [tn.esprit.rh.achat.services.FournisseurServiceJunitTest], using SpringBootContextLoader
16:36:40.255 [main] DEBUG org.springframework.test.context.support.AbstractContextLoader - Did not detect default resource location for test class [tn.esprit.rh.achat.services.FournisseurServiceJunitTest]: class path resource [tn/esprit/rh/achat/services/FournisseurServiceJunitTest-context.xml] does not exist
16:36:40.255 [main] DEBUG org.springframework.test.context.support.AbstractContextLoader - Did not detect default resource location for test class [tn.esprit.rh.achat.services.FournisseurServiceJunitTest]: class path resource [tn/esprit/rh/achat/services/FournisseurServiceJunitTestContext.groovy] does not exist
16:36:40.255 [main] INFO org.springframework.test.context.support.AbstractContextLoader - Could not detect default resource locations for test class [tn.esprit.rh.achat.services.FournisseurServiceJunitTest]: no resource found for suffixes {-context.xml, Context.groovy}.
16:36:40.256 [main] INFO org.springframework.test.context.support.AnnotationConfigContextLoaderUtils - Could not detect default configuration classes for test class [tn.esprit.rh.achat.services.FournisseurServiceJunitTest]: FournisseurServiceJunitTest does not declare any static, non-private, non-final, nested classes annotated with @Configuration.
16:36:40.257 [main] DEBUG org.springframework.test.context.support.ActiveProfilesUtils - Could not find an 'annotation declaring class' for annotation type [org.springframework.test.context.ActiveProfiles] and class [tn.esprit.rh.achat.services.FournisseurServiceJunitTest]
16:36:40.312 [main] DEBUG org.springframework.context.annotation.ClassPathScanningCandidateComponentProvider - Identified candidate component class: file [C:\Users\hajal\Desktop\achat\target\classes\tn\esprit\rh\achat\AchatApplication.class]
16:36:40.313 [main] INFO org.springframework.boot.test.context.SpringBootTestContextBootstrapper - Found @SpringBootConfiguration tn.esprit.rh.achat.AchatApplication for test class tn.esprit.rh.achat.services.FournisseurServiceJunitTest
16:36:40.315 [main] DEBUG org.springframework.boot.test.context.SpringBootTestContextBootstrapper - @TestExecutionListeners is not present for class [tn.esprit.rh.achat.services.FournisseurServiceJunitTest]: using defaults.
16:36:40.315 [main] INFO org.springframework.boot.test.context.SpringBootTestContextBootstrapper - Loaded default TestExecutionListener class names from location [META-INF/spring.factories]: [org.springframework.boot.test.mock.mockito.MockitoTestExecutionListener, org.springframework.boot.test.mock.mockito.ResetMocksTestExecutionListener, org.springframework.boot.test.autoconfigure.restdocs.RestDocsTestExecutionListener, org.springframework.boot.test.autoconfigure.web.client.MockRestServiceServerResetTestExecutionListener, org.springframework.boot.test.autoconfigure.web.servlet.MockMvcPrintOnlyOnFailureTestExecutionListener, org.springframework.boot.test.autoconfigure.web.servlet.WebDriverTestExecutionListener, org.springframework.boot.test.autoconfigure.webservices.client.MockWebServiceServerTestExecutionListener, org.springframework.test.context.web.ServletTestExecutionListener, org.springframework.test.context.support.DirtiesContextBeforeModesTestExecutionListener, org.springframework.test.context.event.ApplicationEventsTestExecutionListener, org.springframework.test.context.support.DependencyInjectionTestExecutionListener, org.springframework.test.context.support.DirtiesContextTestExecutionListener, org.springframework.test.context.transaction.TransactionalTestExecutionListener, org.springframework.test.context.jdbc.SqlScriptsTestExecutionListener, org.springframework.test.context.event.EventPublishingTestExecutionListener]
16:36:40.316 [main] INFO org.springframework.boot.test.context.SpringBootTestContextBootstrapper - Using TestExecutionListeners: [org.springframework.test.context.web.ServletTestExecutionListener@6392827e, org.springframework.test.context.support.DirtiesContextBeforeModesTestExecutionListener@2ed2d9cb, org.springframework.test.context.event.ApplicationEventsTestExecutionListener@d5b810e, org.springframework.boot.test.mock.mockito.MockitoTestExecutionListener@43dac38f, org.springframework.boot.test.autoconfigure.SpringBootDependencyInjectionTestExecutionListener@342c38f8, org.springframework.test.context.support.DirtiesContextTestExecutionListener@c88a337, org.springframework.test.context.transaction.TransactionalTestExecutionListener@5d0a1059, org.springframework.test.context.jdbc.SqlScriptsTestExecutionListener@485966cc, org.springframework.test.context.event.EventPublishingTestExecutionListener@1de76cc7, org.springframework.boot.test.mock.mockito.ResetMocksTestExecutionListener@54bff557, org.springframework.boot.test.autoconfigure.restdocs.RestDocsTestExecutionListener@593aaf41, org.springframework.boot.test.autoconfigure.web.client.MockRestServiceServerResetTestExecutionListener@5a56cdac, org.springframework.boot.test.autoconfigure.web.servlet.MockMvcPrintOnlyOnFailureTestExecutionListener@7c711375, org.springframework.boot.test.autoconfigure.web.servlet.WebDriverTestExecutionListener@57cf54e1, org.springframework.boot.test.autoconfigure.webservices.client.MockWebServiceServerTestExecutionListener@5b03b9fe]
16:36:40.316 [main] DEBUG org.springframework.test.annotation.ProfileValueUtils - Retrieved @ProfileValueSourceConfiguration [null] for test class [tn.esprit.rh.achat.services.FournisseurServiceJunitTest]
16:36:40.316 [main] DEBUG org.springframework.test.annotation.ProfileValueUtils - Retrieved ProfileValueSource type [class org.springframework.test.annotation.SystemProfileValueSource] for class [tn.esprit.rh.achat.services.FournisseurServiceJunitTest]
16:36:40.316 [main] DEBUG org.springframework.test.annotation.ProfileValueUtils - Retrieved @ProfileValueSourceConfiguration [null] for test class [tn.esprit.rh.achat.services.FournisseurServiceJunitTest]
16:36:40.316 [main] DEBUG org.springframework.test.annotation.ProfileValueUtils - Retrieved ProfileValueSource type [class org.springframework.test.annotation.SystemProfileValueSource] for class [tn.esprit.rh.achat.services.FournisseurServiceJunitTest]
16:36:40.320 [main] DEBUG org.springframework.test.annotation.ProfileValueUtils - Retrieved @ProfileValueSourceConfiguration [null] for test class [tn.esprit.rh.achat.services.FournisseurServiceImplTest]
16:36:40.320 [main] DEBUG org.springframework.test.annotation.ProfileValueUtils - Retrieved ProfileValueSource type [class org.springframework.test.annotation.SystemProfileValueSource] for class [tn.esprit.rh.achat.services.FournisseurServiceImplTest]
16:36:40.320 [main] DEBUG org.springframework.test.annotation.ProfileValueUtils - Retrieved @ProfileValueSourceConfiguration [null] for test class [tn.esprit.rh.achat.services.FournisseurServiceJunitTest]
16:36:40.320 [main] DEBUG org.springframework.test.annotation.ProfileValueUtils - Retrieved ProfileValueSource type [class org.springframework.test.annotation.SystemProfileValueSource] for class [tn.esprit.rh.achat.services.FournisseurServiceJunitTest]
16:36:40.321 [main] DEBUG org.springframework.test.annotation.ProfileValueUtils - Retrieved @ProfileValueSourceConfiguration [null] for test class [tn.esprit.rh.achat.services.FournisseurServiceImplTest]
16:36:40.321 [main] DEBUG org.springframework.test.annotation.ProfileValueUtils - Retrieved ProfileValueSource type [class org.springframework.test.annotation.SystemProfileValueSource] for class [tn.esprit.rh.achat.services.FournisseurServiceImplTest]
16:36:40.321 [main] DEBUG org.springframework.test.annotation.ProfileValueUtils - Retrieved @ProfileValueSourceConfiguration [null] for test class [tn.esprit.rh.achat.services.FournisseurServiceJunitTest]
16:36:40.321 [main] DEBUG org.springframework.test.annotation.ProfileValueUtils - Retrieved ProfileValueSource type [class org.springframework.test.annotation.SystemProfileValueSource] for class [tn.esprit.rh.achat.services.FournisseurServiceJunitTest]
16:36:40.323 [main] DEBUG org.springframework.test.annotation.ProfileValueUtils - Retrieved @ProfileValueSourceConfiguration [null] for test class [tn.esprit.rh.achat.services.FournisseurServiceImplTest]
16:36:40.323 [main] DEBUG org.springframework.test.annotation.ProfileValueUtils - Retrieved ProfileValueSource type [class org.springframework.test.annotation.SystemProfileValueSource] for class [tn.esprit.rh.achat.services.FournisseurServiceImplTest]
16:36:40.323 [main] DEBUG org.springframework.test.annotation.ProfileValueUtils - Retrieved @ProfileValueSourceConfiguration [null] for test class [tn.esprit.rh.achat.services.FournisseurServiceImplTest]
16:36:40.323 [main] DEBUG org.springframework.test.annotation.ProfileValueUtils - Retrieved ProfileValueSource type [class org.springframework.test.annotation.SystemProfileValueSource] for class [tn.esprit.rh.achat.services.FournisseurServiceImplTest]
16:36:40.326 [main] DEBUG org.springframework.test.context.support.AbstractDirtiesContextTestExecutionListener - Before test class: context [DefaultTestContext@47e2e487 testClass = FournisseurServiceImplTest, testInstance = [null], testMethod = [null], testException = [null], mergedContextConfiguration = [WebMergedContextConfiguration@201a4587 testClass = FournisseurServiceImplTest, locations = '{}', classes = '{class tn.esprit.rh.achat.services.FournisseurServiceImpl}', contextInitializerClasses = '[]', activeProfiles = '{}', propertySourceLocations = '{}', propertySourceProperties = '{org.springframework.boot.test.context.SpringBootTestContextBootstrapper=true}', contextCustomizers = set[org.springframework.boot.test.context.filter.ExcludeFilterContextCustomizer@5e4c8041, org.springframework.boot.test.json.DuplicateJsonObjectContextCustomizerFactory$DuplicateJsonObjectContextCustomizer@1a0dcaa, org.springframework.boot.test.mock.mockito.MockitoContextCustomizer@f6ccc0ac, org.springframework.boot.test.web.client.TestRestTemplateContextCustomizer@184cf7cf, org.springframework.boot.test.autoconfigure.actuate.metrics.MetricsExportContextCustomizerFactory$DisableMetricExportContextCustomizer@78e94dcf, org.springframework.boot.test.autoconfigure.properties.PropertyMappingContextCustomizer@0, org.springframework.boot.test.autoconfigure.web.servlet.WebDriverContextCustomizerFactory$Customizer@1fe20588, org.springframework.boot.test.context.SpringBootTestArgs@1, org.springframework.boot.test.context.SpringBootTestWebEnvironment@33cb5951], resourceBasePath = 'src/main/webapp', contextLoader = 'org.springframework.boot.test.context.SpringBootContextLoader', parent = [null]], attributes = map['org.springframework.test.context.web.ServletTestExecutionListener.activateListener' -> true]], class annotated with @DirtiesContext [false] with mode [null].
16:36:40.327 [main] DEBUG org.springframework.test.annotation.ProfileValueUtils - Retrieved @ProfileValueSourceConfiguration [null] for test class [tn.esprit.rh.achat.services.FournisseurServiceImplTest]
16:36:40.327 [main] DEBUG org.springframework.test.annotation.ProfileValueUtils - Retrieved ProfileValueSource type [class org.springframework.test.annotation.SystemProfileValueSource] for class [tn.esprit.rh.achat.services.FournisseurServiceImplTest]
16:36:40.349 [main] DEBUG org.springframework.test.context.support.TestPropertySourceUtils - Adding inlined properties to environment: {spring.jmx.enabled=false, org.springframework.boot.test.context.SpringBootTestContextBootstrapper=true}

  .   ____          _            __ _ _
 /\\ / ___'_ __ _ _(_)_ __  __ _ \ \ \ \
( ( )\___ | '_ | '_| | '_ \/ _` | \ \ \ \
 \\/  ___)| |_)| | | | | || (_| |  ) ) ) )
  '  |____| .__|_| |_|_| |_\__, | / / / /
 =========|_|==============|___/=/_/_/_/
 :: Spring Boot ::                (v2.5.3)

2022-10-31 16:36:40 - INFO  - tn.esprit.rh.achat.services.FournisseurServiceImplTest - Starting FournisseurServiceImplTest using Java 1.8.0_60 on LAPTOP-URTBFFEN with PID 20112 (started by hajal in C:\Users\hajal\Desktop\achat)
2022-10-31 16:36:40 - INFO  - tn.esprit.rh.achat.services.FournisseurServiceImplTest - No active profile set, falling back to default profiles: default
2022-10-31 16:36:41 - INFO  - tn.esprit.rh.achat.services.FournisseurServiceImplTest - Started FournisseurServiceImplTest in 0.794 seconds (JVM running for 1.461)
]]></system-out>
  </testcase>
  <testcase name="RetriveallFournisseru" classname="tn.esprit.rh.achat.services.FournisseurServiceImplTest" time="0.007">
    <system-out><![CDATA[2022-10-31 16:36:41 - INFO  - tn.esprit.rh.achat.services.FournisseurServiceImpl -  fournisseur : tn.esprit.rh.achat.entities.Fournisseur@7e75bf2d
2022-10-31 16:36:41 - INFO  - tn.esprit.rh.achat.services.FournisseurServiceImpl -  fournisseur : tn.esprit.rh.achat.entities.Fournisseur@385ef531
]]></system-out>
  </testcase>
</testsuite>